<?xml version="1.0" encoding="UTF-8"?>
<!-- Generated by org.testng.reporters.JUnitReportReporter -->
<testsuite skipped="0" hostname="amlana" name="com.ohrm.test.LT" tests="1" failures="0" timestamp="21 Aug 2020 03:47:14 GMT" time="9.852" errors="0">
  <testcase name="Test1" time="9.852" classname="com.ohrm.test.LT"/>
</testsuite> <!-- com.ohrm.test.LT -->
