<?xml version="1.0" encoding="UTF-8"?>
<!-- Generated by org.testng.reporters.JUnitReportReporter -->
<testsuite skipped="0" hostname="amlana" name="com.hrm.Test" tests="1" failures="0" timestamp="19 Aug 2020 04:10:36 GMT" time="13.303" errors="0">
  <testcase name="test" time="13.303" classname="com.hrm.Test"/>
</testsuite> <!-- com.hrm.Test -->
